0 info it worked if it ends with ok
1 verbose cli [ '/home/saurabhk/.nvm/versions/node/v7.7.2/bin/node',
1 verbose cli   '/home/saurabhk/.nvm/versions/node/v7.7.2/bin/npm',
1 verbose cli   'run',
1 verbose cli   'dev' ]
2 info using npm@4.1.2
3 info using node@v7.7.2
4 verbose run-script [ 'predev', 'dev', 'postdev' ]
5 info lifecycle Hr_System@0.3.0~predev: Hr_System@0.3.0
6 silly lifecycle Hr_System@0.3.0~predev: no script for predev, continuing
7 info lifecycle Hr_System@0.3.0~dev: Hr_System@0.3.0
8 verbose lifecycle Hr_System@0.3.0~dev: unsafe-perm in lifecycle true
9 verbose lifecycle Hr_System@0.3.0~dev: PATH: /home/saurabhk/.nvm/versions/node/v7.7.2/lib/node_modules/npm/bin/node-gyp-bin:/var/www/html/api_hr_recruitment/node_modules/.bin:/home/saurabhk/.nvm/versions/node/v7.7.2/bin:/home/saurabhk/bin:/home/saurabhk/.local/bin:/usr/local/sbin:/usr/local/bin:/usr/sbin:/usr/bin:/sbin:/bin:/usr/games:/usr/local/games:/snap/bin
10 verbose lifecycle Hr_System@0.3.0~dev: CWD: /var/www/html/api_hr_recruitment
11 silly lifecycle Hr_System@0.3.0~dev: Args: [ '-c',
11 silly lifecycle   'node ./models/index.js && nodemon --max_old_space_size=8192 -w src --exec "babel-node src --presets es2015,stage-0"' ]
12 silly lifecycle Hr_System@0.3.0~dev: Returned: code: 1  signal: null
13 info lifecycle Hr_System@0.3.0~dev: Failed to exec dev script
14 verbose stack Error: Hr_System@0.3.0 dev: `node ./models/index.js && nodemon --max_old_space_size=8192 -w src --exec "babel-node src --presets es2015,stage-0"`
14 verbose stack Exit status 1
14 verbose stack     at EventEmitter.<anonymous> (/home/saurabhk/.nvm/versions/node/v7.7.2/lib/node_modules/npm/lib/utils/lifecycle.js:279:16)
14 verbose stack     at emitTwo (events.js:106:13)
14 verbose stack     at EventEmitter.emit (events.js:194:7)
14 verbose stack     at ChildProcess.<anonymous> (/home/saurabhk/.nvm/versions/node/v7.7.2/lib/node_modules/npm/lib/utils/spawn.js:40:14)
14 verbose stack     at emitTwo (events.js:106:13)
14 verbose stack     at ChildProcess.emit (events.js:194:7)
14 verbose stack     at maybeClose (internal/child_process.js:899:16)
14 verbose stack     at Process.ChildProcess._handle.onexit (internal/child_process.js:226:5)
15 verbose pkgid Hr_System@0.3.0
16 verbose cwd /var/www/html/api_hr_recruitment
17 error Linux 4.4.0-96-generic
18 error argv "/home/saurabhk/.nvm/versions/node/v7.7.2/bin/node" "/home/saurabhk/.nvm/versions/node/v7.7.2/bin/npm" "run" "dev"
19 error node v7.7.2
20 error npm  v4.1.2
21 error code ELIFECYCLE
22 error Hr_System@0.3.0 dev: `node ./models/index.js && nodemon --max_old_space_size=8192 -w src --exec "babel-node src --presets es2015,stage-0"`
22 error Exit status 1
23 error Failed at the Hr_System@0.3.0 dev script 'node ./models/index.js && nodemon --max_old_space_size=8192 -w src --exec "babel-node src --presets es2015,stage-0"'.
23 error Make sure you have the latest version of node.js and npm installed.
23 error If you do, this is most likely a problem with the Hr_System package,
23 error not with npm itself.
23 error Tell the author that this fails on your system:
23 error     node ./models/index.js && nodemon --max_old_space_size=8192 -w src --exec "babel-node src --presets es2015,stage-0"
23 error You can get information on how to open an issue for this project with:
23 error     npm bugs Hr_System
23 error Or if that isn't available, you can get their info via:
23 error     npm owner ls Hr_System
23 error There is likely additional logging output above.
24 verbose exit [ 1, true ]
